Created by PLY version 3.11 (http://www.dabeaz.com/ply)

Grammar

Rule 0     S' -> program
Rule 1     program -> level
Rule 2     level -> maze entry exit rooms paths obstacles
Rule 3     maze -> MAZE LLAVE_IZQ dimensions LLAVE_DER PUNTO_COMA
Rule 4     dimensions -> DIMENSIONS NUMBER X NUMBER
Rule 5     entry -> ENTRY PAREN_IZQ NUMBER COMA NUMBER PAREN_DER PUNTO_COMA
Rule 6     exit -> EXIT PAREN_IZQ NUMBER COMA NUMBER PAREN_DER PUNTO_COMA
Rule 7     rooms -> ROOMS LLAVE_IZQ roomList LLAVE_DER
Rule 8     roomList -> room roomList
Rule 9     roomList -> <empty>
Rule 10    room -> ROOM FROM PAREN_IZQ NUMBER COMA NUMBER PAREN_DER dimensions LLAVE_DER
Rule 11    obstacles -> OBSTACLES LLAVE_IZQ obstacleList LLAVE_DER
Rule 12    obstacleList -> obstacle obstacleList
Rule 13    obstacleList -> <empty>
Rule 14    obstacle -> bomb
Rule 15    obstacle -> enemy
Rule 16    obstacle -> door
Rule 17    obstacle -> key
Rule 18    obstacle -> coin
Rule 19    obstacle -> trap
Rule 20    bomb -> BOMB PAREN_IZQ NUMBER COMA NUMBER PAREN_DER PUNTO_COMA
Rule 21    door -> DOOR PAREN_IZQ NUMBER COMA NUMBER PAREN_DER PUNTO_COMA
Rule 22    key -> KEY PAREN_IZQ NUMBER COMA NUMBER PAREN_DER PUNTO_COMA
Rule 23    paths -> PATHS LLAVE_IZQ pathList LLAVE_DER
Rule 24    pathList -> path pathList
Rule 25    pathList -> <empty>
Rule 26    path -> PATH FROM PAREN_IZQ NUMBER COMA NUMBER PAREN_DER TO PAREN_IZQ NUMBER COMA NUMBER PAREN_DER PUNTO_COMA
Rule 27    path -> PATH LLAVE_IZQ pointList LLAVE_DER
Rule 28    pointList -> point pointList
Rule 29    pointList -> <empty>
Rule 30    point -> POINT PAREN_IZQ NUMBER COMA NUMBER PAREN_DER PUNTO_COMA
Rule 31    enemy -> ENEMY PAREN_IZQ NUMBER COMA NUMBER PAREN_DER TYPE enemy_type PUNTO_COMA
Rule 32    enemy_type -> ARCHER
Rule 33    enemy_type -> WARRIOR
Rule 34    enemy_type -> MAGE
Rule 35    coin -> COIN PAREN_IZQ NUMBER COMA NUMBER PAREN_DER PUNTO_COMA
Rule 36    trap -> TRAP PAREN_IZQ NUMBER COMA NUMBER PAREN_DER TO PAREN_IZQ NUMBER COMA NUMBER PAREN_DER PUNTO_COMA

Terminals, with rules where they appear

ARCHER               : 32
BOMB                 : 20
COIN                 : 35
COMA                 : 5 6 10 20 21 22 26 26 30 31 35 36 36
DIMENSIONS           : 4
DOOR                 : 21
ENEMY                : 31
ENTRY                : 5
EXIT                 : 6
FROM                 : 10 26
KEY                  : 22
LLAVE_DER            : 3 7 10 11 23 27
LLAVE_IZQ            : 3 7 11 23 27
MAGE                 : 34
MAZE                 : 3
NUMBER               : 4 4 5 5 6 6 10 10 20 20 21 21 22 22 26 26 26 26 30 30 31 31 35 35 36 36 36 36
OBSTACLES            : 11
PAREN_DER            : 5 6 10 20 21 22 26 26 30 31 35 36 36
PAREN_IZQ            : 5 6 10 20 21 22 26 26 30 31 35 36 36
PATH                 : 26 27
PATHS                : 23
POINT                : 30
PUNTO_COMA           : 3 5 6 20 21 22 26 30 31 35 36
ROOM                 : 10
ROOMS                : 7
TO                   : 26 36
TRAP                 : 36
TYPE                 : 31
WARRIOR              : 33
X                    : 4
error                : 

Nonterminals, with rules where they appear

bomb                 : 14
coin                 : 18
dimensions           : 3 10
door                 : 16
enemy                : 15
enemy_type           : 31
entry                : 2
exit                 : 2
key                  : 17
level                : 1
maze                 : 2
obstacle             : 12
obstacleList         : 11 12
obstacles            : 2
path                 : 24
pathList             : 23 24
paths                : 2
point                : 28
pointList            : 27 28
program              : 0
room                 : 8
roomList             : 7 8
rooms                : 2
trap                 : 19

Parsing method: LALR

state 0

    (0) S' -> . program
    (1) program -> . level
    (2) level -> . maze entry exit rooms paths obstacles
    (3) maze -> . MAZE LLAVE_IZQ dimensions LLAVE_DER PUNTO_COMA

    MAZE            shift and go to state 4

    program                        shift and go to state 1
    level                          shift and go to state 2
    maze                           shift and go to state 3

state 1

    (0) S' -> program .



state 2

    (1) program -> level .

    $end            reduce using rule 1 (program -> level .)


state 3

    (2) level -> maze . entry exit rooms paths obstacles
    (5) entry -> . ENTRY PAREN_IZQ NUMBER COMA NUMBER PAREN_DER PUNTO_COMA

    ENTRY           shift and go to state 6

    entry                          shift and go to state 5

state 4

    (3) maze -> MAZE . LLAVE_IZQ dimensions LLAVE_DER PUNTO_COMA

    LLAVE_IZQ       shift and go to state 7


state 5

    (2) level -> maze entry . exit rooms paths obstacles
    (6) exit -> . EXIT PAREN_IZQ NUMBER COMA NUMBER PAREN_DER PUNTO_COMA

    EXIT            shift and go to state 9

    exit                           shift and go to state 8

state 6

    (5) entry -> ENTRY . PAREN_IZQ NUMBER COMA NUMBER PAREN_DER PUNTO_COMA

    PAREN_IZQ       shift and go to state 10


state 7

    (3) maze -> MAZE LLAVE_IZQ . dimensions LLAVE_DER PUNTO_COMA
    (4) dimensions -> . DIMENSIONS NUMBER X NUMBER

    DIMENSIONS      shift and go to state 12

    dimensions                     shift and go to state 11

state 8

    (2) level -> maze entry exit . rooms paths obstacles
    (7) rooms -> . ROOMS LLAVE_IZQ roomList LLAVE_DER

    ROOMS           shift and go to state 14

    rooms                          shift and go to state 13

state 9

    (6) exit -> EXIT . PAREN_IZQ NUMBER COMA NUMBER PAREN_DER PUNTO_COMA

    PAREN_IZQ       shift and go to state 15


state 10

    (5) entry -> ENTRY PAREN_IZQ . NUMBER COMA NUMBER PAREN_DER PUNTO_COMA

    NUMBER          shift and go to state 16


state 11

    (3) maze -> MAZE LLAVE_IZQ dimensions . LLAVE_DER PUNTO_COMA

    LLAVE_DER       shift and go to state 17


state 12

    (4) dimensions -> DIMENSIONS . NUMBER X NUMBER

    NUMBER          shift and go to state 18


state 13

    (2) level -> maze entry exit rooms . paths obstacles
    (23) paths -> . PATHS LLAVE_IZQ pathList LLAVE_DER

    PATHS           shift and go to state 20

    paths                          shift and go to state 19

state 14

    (7) rooms -> ROOMS . LLAVE_IZQ roomList LLAVE_DER

    LLAVE_IZQ       shift and go to state 21


state 15

    (6) exit -> EXIT PAREN_IZQ . NUMBER COMA NUMBER PAREN_DER PUNTO_COMA

    NUMBER          shift and go to state 22


state 16

    (5) entry -> ENTRY PAREN_IZQ NUMBER . COMA NUMBER PAREN_DER PUNTO_COMA

    COMA            shift and go to state 23


state 17

    (3) maze -> MAZE LLAVE_IZQ dimensions LLAVE_DER . PUNTO_COMA

    PUNTO_COMA      shift and go to state 24


state 18

    (4) dimensions -> DIMENSIONS NUMBER . X NUMBER

    X               shift and go to state 25


state 19

    (2) level -> maze entry exit rooms paths . obstacles
    (11) obstacles -> . OBSTACLES LLAVE_IZQ obstacleList LLAVE_DER

    OBSTACLES       shift and go to state 27

    obstacles                      shift and go to state 26

state 20

    (23) paths -> PATHS . LLAVE_IZQ pathList LLAVE_DER

    LLAVE_IZQ       shift and go to state 28


state 21

    (7) rooms -> ROOMS LLAVE_IZQ . roomList LLAVE_DER
    (8) roomList -> . room roomList
    (9) roomList -> .
    (10) room -> . ROOM FROM PAREN_IZQ NUMBER COMA NUMBER PAREN_DER dimensions LLAVE_DER

    LLAVE_DER       reduce using rule 9 (roomList -> .)
    ROOM            shift and go to state 31

    roomList                       shift and go to state 29
    room                           shift and go to state 30

state 22

    (6) exit -> EXIT PAREN_IZQ NUMBER . COMA NUMBER PAREN_DER PUNTO_COMA

    COMA            shift and go to state 32


state 23

    (5) entry -> ENTRY PAREN_IZQ NUMBER COMA . NUMBER PAREN_DER PUNTO_COMA

    NUMBER          shift and go to state 33


state 24

    (3) maze -> MAZE LLAVE_IZQ dimensions LLAVE_DER PUNTO_COMA .

    ENTRY           reduce using rule 3 (maze -> MAZE LLAVE_IZQ dimensions LLAVE_DER PUNTO_COMA .)


state 25

    (4) dimensions -> DIMENSIONS NUMBER X . NUMBER

    NUMBER          shift and go to state 34


state 26

    (2) level -> maze entry exit rooms paths obstacles .

    $end            reduce using rule 2 (level -> maze entry exit rooms paths obstacles .)


state 27

    (11) obstacles -> OBSTACLES . LLAVE_IZQ obstacleList LLAVE_DER

    LLAVE_IZQ       shift and go to state 35


state 28

    (23) paths -> PATHS LLAVE_IZQ . pathList LLAVE_DER
    (24) pathList -> . path pathList
    (25) pathList -> .
    (26) path -> . PATH FROM PAREN_IZQ NUMBER COMA NUMBER PAREN_DER TO PAREN_IZQ NUMBER COMA NUMBER PAREN_DER PUNTO_COMA
    (27) path -> . PATH LLAVE_IZQ pointList LLAVE_DER

    LLAVE_DER       reduce using rule 25 (pathList -> .)
    PATH            shift and go to state 38

    pathList                       shift and go to state 36
    path                           shift and go to state 37

state 29

    (7) rooms -> ROOMS LLAVE_IZQ roomList . LLAVE_DER

    LLAVE_DER       shift and go to state 39


state 30

    (8) roomList -> room . roomList
    (8) roomList -> . room roomList
    (9) roomList -> .
    (10) room -> . ROOM FROM PAREN_IZQ NUMBER COMA NUMBER PAREN_DER dimensions LLAVE_DER

    LLAVE_DER       reduce using rule 9 (roomList -> .)
    ROOM            shift and go to state 31

    room                           shift and go to state 30
    roomList                       shift and go to state 40

state 31

    (10) room -> ROOM . FROM PAREN_IZQ NUMBER COMA NUMBER PAREN_DER dimensions LLAVE_DER

    FROM            shift and go to state 41


state 32

    (6) exit -> EXIT PAREN_IZQ NUMBER COMA . NUMBER PAREN_DER PUNTO_COMA

    NUMBER          shift and go to state 42


state 33

    (5) entry -> ENTRY PAREN_IZQ NUMBER COMA NUMBER . PAREN_DER PUNTO_COMA

    PAREN_DER       shift and go to state 43


state 34

    (4) dimensions -> DIMENSIONS NUMBER X NUMBER .

    LLAVE_DER       reduce using rule 4 (dimensions -> DIMENSIONS NUMBER X NUMBER .)


state 35

    (11) obstacles -> OBSTACLES LLAVE_IZQ . obstacleList LLAVE_DER
    (12) obstacleList -> . obstacle obstacleList
    (13) obstacleList -> .
    (14) obstacle -> . bomb
    (15) obstacle -> . enemy
    (16) obstacle -> . door
    (17) obstacle -> . key
    (18) obstacle -> . coin
    (19) obstacle -> . trap
    (20) bomb -> . BOMB PAREN_IZQ NUMBER COMA NUMBER PAREN_DER PUNTO_COMA
    (31) enemy -> . ENEMY PAREN_IZQ NUMBER COMA NUMBER PAREN_DER TYPE enemy_type PUNTO_COMA
    (21) door -> . DOOR PAREN_IZQ NUMBER COMA NUMBER PAREN_DER PUNTO_COMA
    (22) key -> . KEY PAREN_IZQ NUMBER COMA NUMBER PAREN_DER PUNTO_COMA
    (35) coin -> . COIN PAREN_IZQ NUMBER COMA NUMBER PAREN_DER PUNTO_COMA
    (36) trap -> . TRAP PAREN_IZQ NUMBER COMA NUMBER PAREN_DER TO PAREN_IZQ NUMBER COMA NUMBER PAREN_DER PUNTO_COMA

    LLAVE_DER       reduce using rule 13 (obstacleList -> .)
    BOMB            shift and go to state 52
    ENEMY           shift and go to state 53
    DOOR            shift and go to state 54
    KEY             shift and go to state 55
    COIN            shift and go to state 56
    TRAP            shift and go to state 57

    obstacleList                   shift and go to state 44
    obstacle                       shift and go to state 45
    bomb                           shift and go to state 46
    enemy                          shift and go to state 47
    door                           shift and go to state 48
    key                            shift and go to state 49
    coin                           shift and go to state 50
    trap                           shift and go to state 51

state 36

    (23) paths -> PATHS LLAVE_IZQ pathList . LLAVE_DER

    LLAVE_DER       shift and go to state 58


state 37

    (24) pathList -> path . pathList
    (24) pathList -> . path pathList
    (25) pathList -> .
    (26) path -> . PATH FROM PAREN_IZQ NUMBER COMA NUMBER PAREN_DER TO PAREN_IZQ NUMBER COMA NUMBER PAREN_DER PUNTO_COMA
    (27) path -> . PATH LLAVE_IZQ pointList LLAVE_DER

    LLAVE_DER       reduce using rule 25 (pathList -> .)
    PATH            shift and go to state 38

    path                           shift and go to state 37
    pathList                       shift and go to state 59

state 38

    (26) path -> PATH . FROM PAREN_IZQ NUMBER COMA NUMBER PAREN_DER TO PAREN_IZQ NUMBER COMA NUMBER PAREN_DER PUNTO_COMA
    (27) path -> PATH . LLAVE_IZQ pointList LLAVE_DER

    FROM            shift and go to state 60
    LLAVE_IZQ       shift and go to state 61


state 39

    (7) rooms -> ROOMS LLAVE_IZQ roomList LLAVE_DER .

    PATHS           reduce using rule 7 (rooms -> ROOMS LLAVE_IZQ roomList LLAVE_DER .)


state 40

    (8) roomList -> room roomList .

    LLAVE_DER       reduce using rule 8 (roomList -> room roomList .)


state 41

    (10) room -> ROOM FROM . PAREN_IZQ NUMBER COMA NUMBER PAREN_DER dimensions LLAVE_DER

    PAREN_IZQ       shift and go to state 62


state 42

    (6) exit -> EXIT PAREN_IZQ NUMBER COMA NUMBER . PAREN_DER PUNTO_COMA

    PAREN_DER       shift and go to state 63


state 43

    (5) entry -> ENTRY PAREN_IZQ NUMBER COMA NUMBER PAREN_DER . PUNTO_COMA

    PUNTO_COMA      shift and go to state 64


state 44

    (11) obstacles -> OBSTACLES LLAVE_IZQ obstacleList . LLAVE_DER

    LLAVE_DER       shift and go to state 65


state 45

    (12) obstacleList -> obstacle . obstacleList
    (12) obstacleList -> . obstacle obstacleList
    (13) obstacleList -> .
    (14) obstacle -> . bomb
    (15) obstacle -> . enemy
    (16) obstacle -> . door
    (17) obstacle -> . key
    (18) obstacle -> . coin
    (19) obstacle -> . trap
    (20) bomb -> . BOMB PAREN_IZQ NUMBER COMA NUMBER PAREN_DER PUNTO_COMA
    (31) enemy -> . ENEMY PAREN_IZQ NUMBER COMA NUMBER PAREN_DER TYPE enemy_type PUNTO_COMA
    (21) door -> . DOOR PAREN_IZQ NUMBER COMA NUMBER PAREN_DER PUNTO_COMA
    (22) key -> . KEY PAREN_IZQ NUMBER COMA NUMBER PAREN_DER PUNTO_COMA
    (35) coin -> . COIN PAREN_IZQ NUMBER COMA NUMBER PAREN_DER PUNTO_COMA
    (36) trap -> . TRAP PAREN_IZQ NUMBER COMA NUMBER PAREN_DER TO PAREN_IZQ NUMBER COMA NUMBER PAREN_DER PUNTO_COMA

    LLAVE_DER       reduce using rule 13 (obstacleList -> .)
    BOMB            shift and go to state 52
    ENEMY           shift and go to state 53
    DOOR            shift and go to state 54
    KEY             shift and go to state 55
    COIN            shift and go to state 56
    TRAP            shift and go to state 57

    obstacle                       shift and go to state 45
    obstacleList                   shift and go to state 66
    bomb                           shift and go to state 46
    enemy                          shift and go to state 47
    door                           shift and go to state 48
    key                            shift and go to state 49
    coin                           shift and go to state 50
    trap                           shift and go to state 51

state 46

    (14) obstacle -> bomb .

    BOMB            reduce using rule 14 (obstacle -> bomb .)
    ENEMY           reduce using rule 14 (obstacle -> bomb .)
    DOOR            reduce using rule 14 (obstacle -> bomb .)
    KEY             reduce using rule 14 (obstacle -> bomb .)
    COIN            reduce using rule 14 (obstacle -> bomb .)
    TRAP            reduce using rule 14 (obstacle -> bomb .)
    LLAVE_DER       reduce using rule 14 (obstacle -> bomb .)


state 47

    (15) obstacle -> enemy .

    BOMB            reduce using rule 15 (obstacle -> enemy .)
    ENEMY           reduce using rule 15 (obstacle -> enemy .)
    DOOR            reduce using rule 15 (obstacle -> enemy .)
    KEY             reduce using rule 15 (obstacle -> enemy .)
    COIN            reduce using rule 15 (obstacle -> enemy .)
    TRAP            reduce using rule 15 (obstacle -> enemy .)
    LLAVE_DER       reduce using rule 15 (obstacle -> enemy .)


state 48

    (16) obstacle -> door .

    BOMB            reduce using rule 16 (obstacle -> door .)
    ENEMY           reduce using rule 16 (obstacle -> door .)
    DOOR            reduce using rule 16 (obstacle -> door .)
    KEY             reduce using rule 16 (obstacle -> door .)
    COIN            reduce using rule 16 (obstacle -> door .)
    TRAP            reduce using rule 16 (obstacle -> door .)
    LLAVE_DER       reduce using rule 16 (obstacle -> door .)


state 49

    (17) obstacle -> key .

    BOMB            reduce using rule 17 (obstacle -> key .)
    ENEMY           reduce using rule 17 (obstacle -> key .)
    DOOR            reduce using rule 17 (obstacle -> key .)
    KEY             reduce using rule 17 (obstacle -> key .)
    COIN            reduce using rule 17 (obstacle -> key .)
    TRAP            reduce using rule 17 (obstacle -> key .)
    LLAVE_DER       reduce using rule 17 (obstacle -> key .)


state 50

    (18) obstacle -> coin .

    BOMB            reduce using rule 18 (obstacle -> coin .)
    ENEMY           reduce using rule 18 (obstacle -> coin .)
    DOOR            reduce using rule 18 (obstacle -> coin .)
    KEY             reduce using rule 18 (obstacle -> coin .)
    COIN            reduce using rule 18 (obstacle -> coin .)
    TRAP            reduce using rule 18 (obstacle -> coin .)
    LLAVE_DER       reduce using rule 18 (obstacle -> coin .)


state 51

    (19) obstacle -> trap .

    BOMB            reduce using rule 19 (obstacle -> trap .)
    ENEMY           reduce using rule 19 (obstacle -> trap .)
    DOOR            reduce using rule 19 (obstacle -> trap .)
    KEY             reduce using rule 19 (obstacle -> trap .)
    COIN            reduce using rule 19 (obstacle -> trap .)
    TRAP            reduce using rule 19 (obstacle -> trap .)
    LLAVE_DER       reduce using rule 19 (obstacle -> trap .)


state 52

    (20) bomb -> BOMB . PAREN_IZQ NUMBER COMA NUMBER PAREN_DER PUNTO_COMA

    PAREN_IZQ       shift and go to state 67


state 53

    (31) enemy -> ENEMY . PAREN_IZQ NUMBER COMA NUMBER PAREN_DER TYPE enemy_type PUNTO_COMA

    PAREN_IZQ       shift and go to state 68


state 54

    (21) door -> DOOR . PAREN_IZQ NUMBER COMA NUMBER PAREN_DER PUNTO_COMA

    PAREN_IZQ       shift and go to state 69


state 55

    (22) key -> KEY . PAREN_IZQ NUMBER COMA NUMBER PAREN_DER PUNTO_COMA

    PAREN_IZQ       shift and go to state 70


state 56

    (35) coin -> COIN . PAREN_IZQ NUMBER COMA NUMBER PAREN_DER PUNTO_COMA

    PAREN_IZQ       shift and go to state 71


state 57

    (36) trap -> TRAP . PAREN_IZQ NUMBER COMA NUMBER PAREN_DER TO PAREN_IZQ NUMBER COMA NUMBER PAREN_DER PUNTO_COMA

    PAREN_IZQ       shift and go to state 72


state 58

    (23) paths -> PATHS LLAVE_IZQ pathList LLAVE_DER .

    OBSTACLES       reduce using rule 23 (paths -> PATHS LLAVE_IZQ pathList LLAVE_DER .)


state 59

    (24) pathList -> path pathList .

    LLAVE_DER       reduce using rule 24 (pathList -> path pathList .)


state 60

    (26) path -> PATH FROM . PAREN_IZQ NUMBER COMA NUMBER PAREN_DER TO PAREN_IZQ NUMBER COMA NUMBER PAREN_DER PUNTO_COMA

    PAREN_IZQ       shift and go to state 73


state 61

    (27) path -> PATH LLAVE_IZQ . pointList LLAVE_DER
    (28) pointList -> . point pointList
    (29) pointList -> .
    (30) point -> . POINT PAREN_IZQ NUMBER COMA NUMBER PAREN_DER PUNTO_COMA

    LLAVE_DER       reduce using rule 29 (pointList -> .)
    POINT           shift and go to state 76

    pointList                      shift and go to state 74
    point                          shift and go to state 75

state 62

    (10) room -> ROOM FROM PAREN_IZQ . NUMBER COMA NUMBER PAREN_DER dimensions LLAVE_DER

    NUMBER          shift and go to state 77


state 63

    (6) exit -> EXIT PAREN_IZQ NUMBER COMA NUMBER PAREN_DER . PUNTO_COMA

    PUNTO_COMA      shift and go to state 78


state 64

    (5) entry -> ENTRY PAREN_IZQ NUMBER COMA NUMBER PAREN_DER PUNTO_COMA .

    EXIT            reduce using rule 5 (entry -> ENTRY PAREN_IZQ NUMBER COMA NUMBER PAREN_DER PUNTO_COMA .)


state 65

    (11) obstacles -> OBSTACLES LLAVE_IZQ obstacleList LLAVE_DER .

    $end            reduce using rule 11 (obstacles -> OBSTACLES LLAVE_IZQ obstacleList LLAVE_DER .)


state 66

    (12) obstacleList -> obstacle obstacleList .

    LLAVE_DER       reduce using rule 12 (obstacleList -> obstacle obstacleList .)


state 67

    (20) bomb -> BOMB PAREN_IZQ . NUMBER COMA NUMBER PAREN_DER PUNTO_COMA

    NUMBER          shift and go to state 79


state 68

    (31) enemy -> ENEMY PAREN_IZQ . NUMBER COMA NUMBER PAREN_DER TYPE enemy_type PUNTO_COMA

    NUMBER          shift and go to state 80


state 69

    (21) door -> DOOR PAREN_IZQ . NUMBER COMA NUMBER PAREN_DER PUNTO_COMA

    NUMBER          shift and go to state 81


state 70

    (22) key -> KEY PAREN_IZQ . NUMBER COMA NUMBER PAREN_DER PUNTO_COMA

    NUMBER          shift and go to state 82


state 71

    (35) coin -> COIN PAREN_IZQ . NUMBER COMA NUMBER PAREN_DER PUNTO_COMA

    NUMBER          shift and go to state 83


state 72

    (36) trap -> TRAP PAREN_IZQ . NUMBER COMA NUMBER PAREN_DER TO PAREN_IZQ NUMBER COMA NUMBER PAREN_DER PUNTO_COMA

    NUMBER          shift and go to state 84


state 73

    (26) path -> PATH FROM PAREN_IZQ . NUMBER COMA NUMBER PAREN_DER TO PAREN_IZQ NUMBER COMA NUMBER PAREN_DER PUNTO_COMA

    NUMBER          shift and go to state 85


state 74

    (27) path -> PATH LLAVE_IZQ pointList . LLAVE_DER

    LLAVE_DER       shift and go to state 86


state 75

    (28) pointList -> point . pointList
    (28) pointList -> . point pointList
    (29) pointList -> .
    (30) point -> . POINT PAREN_IZQ NUMBER COMA NUMBER PAREN_DER PUNTO_COMA

    LLAVE_DER       reduce using rule 29 (pointList -> .)
    POINT           shift and go to state 76

    point                          shift and go to state 75
    pointList                      shift and go to state 87

state 76

    (30) point -> POINT . PAREN_IZQ NUMBER COMA NUMBER PAREN_DER PUNTO_COMA

    PAREN_IZQ       shift and go to state 88


state 77

    (10) room -> ROOM FROM PAREN_IZQ NUMBER . COMA NUMBER PAREN_DER dimensions LLAVE_DER

    COMA            shift and go to state 89


state 78

    (6) exit -> EXIT PAREN_IZQ NUMBER COMA NUMBER PAREN_DER PUNTO_COMA .

    ROOMS           reduce using rule 6 (exit -> EXIT PAREN_IZQ NUMBER COMA NUMBER PAREN_DER PUNTO_COMA .)


state 79

    (20) bomb -> BOMB PAREN_IZQ NUMBER . COMA NUMBER PAREN_DER PUNTO_COMA

    COMA            shift and go to state 90


state 80

    (31) enemy -> ENEMY PAREN_IZQ NUMBER . COMA NUMBER PAREN_DER TYPE enemy_type PUNTO_COMA

    COMA            shift and go to state 91


state 81

    (21) door -> DOOR PAREN_IZQ NUMBER . COMA NUMBER PAREN_DER PUNTO_COMA

    COMA            shift and go to state 92


state 82

    (22) key -> KEY PAREN_IZQ NUMBER . COMA NUMBER PAREN_DER PUNTO_COMA

    COMA            shift and go to state 93


state 83

    (35) coin -> COIN PAREN_IZQ NUMBER . COMA NUMBER PAREN_DER PUNTO_COMA

    COMA            shift and go to state 94


state 84

    (36) trap -> TRAP PAREN_IZQ NUMBER . COMA NUMBER PAREN_DER TO PAREN_IZQ NUMBER COMA NUMBER PAREN_DER PUNTO_COMA

    COMA            shift and go to state 95


state 85

    (26) path -> PATH FROM PAREN_IZQ NUMBER . COMA NUMBER PAREN_DER TO PAREN_IZQ NUMBER COMA NUMBER PAREN_DER PUNTO_COMA

    COMA            shift and go to state 96


state 86

    (27) path -> PATH LLAVE_IZQ pointList LLAVE_DER .

    PATH            reduce using rule 27 (path -> PATH LLAVE_IZQ pointList LLAVE_DER .)
    LLAVE_DER       reduce using rule 27 (path -> PATH LLAVE_IZQ pointList LLAVE_DER .)


state 87

    (28) pointList -> point pointList .

    LLAVE_DER       reduce using rule 28 (pointList -> point pointList .)


state 88

    (30) point -> POINT PAREN_IZQ . NUMBER COMA NUMBER PAREN_DER PUNTO_COMA

    NUMBER          shift and go to state 97


state 89

    (10) room -> ROOM FROM PAREN_IZQ NUMBER COMA . NUMBER PAREN_DER dimensions LLAVE_DER

    NUMBER          shift and go to state 98


state 90

    (20) bomb -> BOMB PAREN_IZQ NUMBER COMA . NUMBER PAREN_DER PUNTO_COMA

    NUMBER          shift and go to state 99


state 91

    (31) enemy -> ENEMY PAREN_IZQ NUMBER COMA . NUMBER PAREN_DER TYPE enemy_type PUNTO_COMA

    NUMBER          shift and go to state 100


state 92

    (21) door -> DOOR PAREN_IZQ NUMBER COMA . NUMBER PAREN_DER PUNTO_COMA

    NUMBER          shift and go to state 101


state 93

    (22) key -> KEY PAREN_IZQ NUMBER COMA . NUMBER PAREN_DER PUNTO_COMA

    NUMBER          shift and go to state 102


state 94

    (35) coin -> COIN PAREN_IZQ NUMBER COMA . NUMBER PAREN_DER PUNTO_COMA

    NUMBER          shift and go to state 103


state 95

    (36) trap -> TRAP PAREN_IZQ NUMBER COMA . NUMBER PAREN_DER TO PAREN_IZQ NUMBER COMA NUMBER PAREN_DER PUNTO_COMA

    NUMBER          shift and go to state 104


state 96

    (26) path -> PATH FROM PAREN_IZQ NUMBER COMA . NUMBER PAREN_DER TO PAREN_IZQ NUMBER COMA NUMBER PAREN_DER PUNTO_COMA

    NUMBER          shift and go to state 105


state 97

    (30) point -> POINT PAREN_IZQ NUMBER . COMA NUMBER PAREN_DER PUNTO_COMA

    COMA            shift and go to state 106


state 98

    (10) room -> ROOM FROM PAREN_IZQ NUMBER COMA NUMBER . PAREN_DER dimensions LLAVE_DER

    PAREN_DER       shift and go to state 107


state 99

    (20) bomb -> BOMB PAREN_IZQ NUMBER COMA NUMBER . PAREN_DER PUNTO_COMA

    PAREN_DER       shift and go to state 108


state 100

    (31) enemy -> ENEMY PAREN_IZQ NUMBER COMA NUMBER . PAREN_DER TYPE enemy_type PUNTO_COMA

    PAREN_DER       shift and go to state 109


state 101

    (21) door -> DOOR PAREN_IZQ NUMBER COMA NUMBER . PAREN_DER PUNTO_COMA

    PAREN_DER       shift and go to state 110


state 102

    (22) key -> KEY PAREN_IZQ NUMBER COMA NUMBER . PAREN_DER PUNTO_COMA

    PAREN_DER       shift and go to state 111


state 103

    (35) coin -> COIN PAREN_IZQ NUMBER COMA NUMBER . PAREN_DER PUNTO_COMA

    PAREN_DER       shift and go to state 112


state 104

    (36) trap -> TRAP PAREN_IZQ NUMBER COMA NUMBER . PAREN_DER TO PAREN_IZQ NUMBER COMA NUMBER PAREN_DER PUNTO_COMA

    PAREN_DER       shift and go to state 113


state 105

    (26) path -> PATH FROM PAREN_IZQ NUMBER COMA NUMBER . PAREN_DER TO PAREN_IZQ NUMBER COMA NUMBER PAREN_DER PUNTO_COMA

    PAREN_DER       shift and go to state 114


state 106

    (30) point -> POINT PAREN_IZQ NUMBER COMA . NUMBER PAREN_DER PUNTO_COMA

    NUMBER          shift and go to state 115


state 107

    (10) room -> ROOM FROM PAREN_IZQ NUMBER COMA NUMBER PAREN_DER . dimensions LLAVE_DER
    (4) dimensions -> . DIMENSIONS NUMBER X NUMBER

    DIMENSIONS      shift and go to state 12

    dimensions                     shift and go to state 116

state 108

    (20) bomb -> BOMB PAREN_IZQ NUMBER COMA NUMBER PAREN_DER . PUNTO_COMA

    PUNTO_COMA      shift and go to state 117


state 109

    (31) enemy -> ENEMY PAREN_IZQ NUMBER COMA NUMBER PAREN_DER . TYPE enemy_type PUNTO_COMA

    TYPE            shift and go to state 118


state 110

    (21) door -> DOOR PAREN_IZQ NUMBER COMA NUMBER PAREN_DER . PUNTO_COMA

    PUNTO_COMA      shift and go to state 119


state 111

    (22) key -> KEY PAREN_IZQ NUMBER COMA NUMBER PAREN_DER . PUNTO_COMA

    PUNTO_COMA      shift and go to state 120


state 112

    (35) coin -> COIN PAREN_IZQ NUMBER COMA NUMBER PAREN_DER . PUNTO_COMA

    PUNTO_COMA      shift and go to state 121


state 113

    (36) trap -> TRAP PAREN_IZQ NUMBER COMA NUMBER PAREN_DER . TO PAREN_IZQ NUMBER COMA NUMBER PAREN_DER PUNTO_COMA

    TO              shift and go to state 122


state 114

    (26) path -> PATH FROM PAREN_IZQ NUMBER COMA NUMBER PAREN_DER . TO PAREN_IZQ NUMBER COMA NUMBER PAREN_DER PUNTO_COMA

    TO              shift and go to state 123


state 115

    (30) point -> POINT PAREN_IZQ NUMBER COMA NUMBER . PAREN_DER PUNTO_COMA

    PAREN_DER       shift and go to state 124


state 116

    (10) room -> ROOM FROM PAREN_IZQ NUMBER COMA NUMBER PAREN_DER dimensions . LLAVE_DER

    LLAVE_DER       shift and go to state 125


state 117

    (20) bomb -> BOMB PAREN_IZQ NUMBER COMA NUMBER PAREN_DER PUNTO_COMA .

    BOMB            reduce using rule 20 (bomb -> BOMB PAREN_IZQ NUMBER COMA NUMBER PAREN_DER PUNTO_COMA .)
    ENEMY           reduce using rule 20 (bomb -> BOMB PAREN_IZQ NUMBER COMA NUMBER PAREN_DER PUNTO_COMA .)
    DOOR            reduce using rule 20 (bomb -> BOMB PAREN_IZQ NUMBER COMA NUMBER PAREN_DER PUNTO_COMA .)
    KEY             reduce using rule 20 (bomb -> BOMB PAREN_IZQ NUMBER COMA NUMBER PAREN_DER PUNTO_COMA .)
    COIN            reduce using rule 20 (bomb -> BOMB PAREN_IZQ NUMBER COMA NUMBER PAREN_DER PUNTO_COMA .)
    TRAP            reduce using rule 20 (bomb -> BOMB PAREN_IZQ NUMBER COMA NUMBER PAREN_DER PUNTO_COMA .)
    LLAVE_DER       reduce using rule 20 (bomb -> BOMB PAREN_IZQ NUMBER COMA NUMBER PAREN_DER PUNTO_COMA .)


state 118

    (31) enemy -> ENEMY PAREN_IZQ NUMBER COMA NUMBER PAREN_DER TYPE . enemy_type PUNTO_COMA
    (32) enemy_type -> . ARCHER
    (33) enemy_type -> . WARRIOR
    (34) enemy_type -> . MAGE

    ARCHER          shift and go to state 127
    WARRIOR         shift and go to state 128
    MAGE            shift and go to state 129

    enemy_type                     shift and go to state 126

state 119

    (21) door -> DOOR PAREN_IZQ NUMBER COMA NUMBER PAREN_DER PUNTO_COMA .

    BOMB            reduce using rule 21 (door -> DOOR PAREN_IZQ NUMBER COMA NUMBER PAREN_DER PUNTO_COMA .)
    ENEMY           reduce using rule 21 (door -> DOOR PAREN_IZQ NUMBER COMA NUMBER PAREN_DER PUNTO_COMA .)
    DOOR            reduce using rule 21 (door -> DOOR PAREN_IZQ NUMBER COMA NUMBER PAREN_DER PUNTO_COMA .)
    KEY             reduce using rule 21 (door -> DOOR PAREN_IZQ NUMBER COMA NUMBER PAREN_DER PUNTO_COMA .)
    COIN            reduce using rule 21 (door -> DOOR PAREN_IZQ NUMBER COMA NUMBER PAREN_DER PUNTO_COMA .)
    TRAP            reduce using rule 21 (door -> DOOR PAREN_IZQ NUMBER COMA NUMBER PAREN_DER PUNTO_COMA .)
    LLAVE_DER       reduce using rule 21 (door -> DOOR PAREN_IZQ NUMBER COMA NUMBER PAREN_DER PUNTO_COMA .)


state 120

    (22) key -> KEY PAREN_IZQ NUMBER COMA NUMBER PAREN_DER PUNTO_COMA .

    BOMB            reduce using rule 22 (key -> KEY PAREN_IZQ NUMBER COMA NUMBER PAREN_DER PUNTO_COMA .)
    ENEMY           reduce using rule 22 (key -> KEY PAREN_IZQ NUMBER COMA NUMBER PAREN_DER PUNTO_COMA .)
    DOOR            reduce using rule 22 (key -> KEY PAREN_IZQ NUMBER COMA NUMBER PAREN_DER PUNTO_COMA .)
    KEY             reduce using rule 22 (key -> KEY PAREN_IZQ NUMBER COMA NUMBER PAREN_DER PUNTO_COMA .)
    COIN            reduce using rule 22 (key -> KEY PAREN_IZQ NUMBER COMA NUMBER PAREN_DER PUNTO_COMA .)
    TRAP            reduce using rule 22 (key -> KEY PAREN_IZQ NUMBER COMA NUMBER PAREN_DER PUNTO_COMA .)
    LLAVE_DER       reduce using rule 22 (key -> KEY PAREN_IZQ NUMBER COMA NUMBER PAREN_DER PUNTO_COMA .)


state 121

    (35) coin -> COIN PAREN_IZQ NUMBER COMA NUMBER PAREN_DER PUNTO_COMA .

    BOMB            reduce using rule 35 (coin -> COIN PAREN_IZQ NUMBER COMA NUMBER PAREN_DER PUNTO_COMA .)
    ENEMY           reduce using rule 35 (coin -> COIN PAREN_IZQ NUMBER COMA NUMBER PAREN_DER PUNTO_COMA .)
    DOOR            reduce using rule 35 (coin -> COIN PAREN_IZQ NUMBER COMA NUMBER PAREN_DER PUNTO_COMA .)
    KEY             reduce using rule 35 (coin -> COIN PAREN_IZQ NUMBER COMA NUMBER PAREN_DER PUNTO_COMA .)
    COIN            reduce using rule 35 (coin -> COIN PAREN_IZQ NUMBER COMA NUMBER PAREN_DER PUNTO_COMA .)
    TRAP            reduce using rule 35 (coin -> COIN PAREN_IZQ NUMBER COMA NUMBER PAREN_DER PUNTO_COMA .)
    LLAVE_DER       reduce using rule 35 (coin -> COIN PAREN_IZQ NUMBER COMA NUMBER PAREN_DER PUNTO_COMA .)


state 122

    (36) trap -> TRAP PAREN_IZQ NUMBER COMA NUMBER PAREN_DER TO . PAREN_IZQ NUMBER COMA NUMBER PAREN_DER PUNTO_COMA

    PAREN_IZQ       shift and go to state 130


state 123

    (26) path -> PATH FROM PAREN_IZQ NUMBER COMA NUMBER PAREN_DER TO . PAREN_IZQ NUMBER COMA NUMBER PAREN_DER PUNTO_COMA

    PAREN_IZQ       shift and go to state 131


state 124

    (30) point -> POINT PAREN_IZQ NUMBER COMA NUMBER PAREN_DER . PUNTO_COMA

    PUNTO_COMA      shift and go to state 132


state 125

    (10) room -> ROOM FROM PAREN_IZQ NUMBER COMA NUMBER PAREN_DER dimensions LLAVE_DER .

    ROOM            reduce using rule 10 (room -> ROOM FROM PAREN_IZQ NUMBER COMA NUMBER PAREN_DER dimensions LLAVE_DER .)
    LLAVE_DER       reduce using rule 10 (room -> ROOM FROM PAREN_IZQ NUMBER COMA NUMBER PAREN_DER dimensions LLAVE_DER .)


state 126

    (31) enemy -> ENEMY PAREN_IZQ NUMBER COMA NUMBER PAREN_DER TYPE enemy_type . PUNTO_COMA

    PUNTO_COMA      shift and go to state 133


state 127

    (32) enemy_type -> ARCHER .

    PUNTO_COMA      reduce using rule 32 (enemy_type -> ARCHER .)


state 128

    (33) enemy_type -> WARRIOR .

    PUNTO_COMA      reduce using rule 33 (enemy_type -> WARRIOR .)


state 129

    (34) enemy_type -> MAGE .

    PUNTO_COMA      reduce using rule 34 (enemy_type -> MAGE .)


state 130

    (36) trap -> TRAP PAREN_IZQ NUMBER COMA NUMBER PAREN_DER TO PAREN_IZQ . NUMBER COMA NUMBER PAREN_DER PUNTO_COMA

    NUMBER          shift and go to state 134


state 131

    (26) path -> PATH FROM PAREN_IZQ NUMBER COMA NUMBER PAREN_DER TO PAREN_IZQ . NUMBER COMA NUMBER PAREN_DER PUNTO_COMA

    NUMBER          shift and go to state 135


state 132

    (30) point -> POINT PAREN_IZQ NUMBER COMA NUMBER PAREN_DER PUNTO_COMA .

    POINT           reduce using rule 30 (point -> POINT PAREN_IZQ NUMBER COMA NUMBER PAREN_DER PUNTO_COMA .)
    LLAVE_DER       reduce using rule 30 (point -> POINT PAREN_IZQ NUMBER COMA NUMBER PAREN_DER PUNTO_COMA .)


state 133

    (31) enemy -> ENEMY PAREN_IZQ NUMBER COMA NUMBER PAREN_DER TYPE enemy_type PUNTO_COMA .

    BOMB            reduce using rule 31 (enemy -> ENEMY PAREN_IZQ NUMBER COMA NUMBER PAREN_DER TYPE enemy_type PUNTO_COMA .)
    ENEMY           reduce using rule 31 (enemy -> ENEMY PAREN_IZQ NUMBER COMA NUMBER PAREN_DER TYPE enemy_type PUNTO_COMA .)
    DOOR            reduce using rule 31 (enemy -> ENEMY PAREN_IZQ NUMBER COMA NUMBER PAREN_DER TYPE enemy_type PUNTO_COMA .)
    KEY             reduce using rule 31 (enemy -> ENEMY PAREN_IZQ NUMBER COMA NUMBER PAREN_DER TYPE enemy_type PUNTO_COMA .)
    COIN            reduce using rule 31 (enemy -> ENEMY PAREN_IZQ NUMBER COMA NUMBER PAREN_DER TYPE enemy_type PUNTO_COMA .)
    TRAP            reduce using rule 31 (enemy -> ENEMY PAREN_IZQ NUMBER COMA NUMBER PAREN_DER TYPE enemy_type PUNTO_COMA .)
    LLAVE_DER       reduce using rule 31 (enemy -> ENEMY PAREN_IZQ NUMBER COMA NUMBER PAREN_DER TYPE enemy_type PUNTO_COMA .)


state 134

    (36) trap -> TRAP PAREN_IZQ NUMBER COMA NUMBER PAREN_DER TO PAREN_IZQ NUMBER . COMA NUMBER PAREN_DER PUNTO_COMA

    COMA            shift and go to state 136


state 135

    (26) path -> PATH FROM PAREN_IZQ NUMBER COMA NUMBER PAREN_DER TO PAREN_IZQ NUMBER . COMA NUMBER PAREN_DER PUNTO_COMA

    COMA            shift and go to state 137


state 136

    (36) trap -> TRAP PAREN_IZQ NUMBER COMA NUMBER PAREN_DER TO PAREN_IZQ NUMBER COMA . NUMBER PAREN_DER PUNTO_COMA

    NUMBER          shift and go to state 138


state 137

    (26) path -> PATH FROM PAREN_IZQ NUMBER COMA NUMBER PAREN_DER TO PAREN_IZQ NUMBER COMA . NUMBER PAREN_DER PUNTO_COMA

    NUMBER          shift and go to state 139


state 138

    (36) trap -> TRAP PAREN_IZQ NUMBER COMA NUMBER PAREN_DER TO PAREN_IZQ NUMBER COMA NUMBER . PAREN_DER PUNTO_COMA

    PAREN_DER       shift and go to state 140


state 139

    (26) path -> PATH FROM PAREN_IZQ NUMBER COMA NUMBER PAREN_DER TO PAREN_IZQ NUMBER COMA NUMBER . PAREN_DER PUNTO_COMA

    PAREN_DER       shift and go to state 141


state 140

    (36) trap -> TRAP PAREN_IZQ NUMBER COMA NUMBER PAREN_DER TO PAREN_IZQ NUMBER COMA NUMBER PAREN_DER . PUNTO_COMA

    PUNTO_COMA      shift and go to state 142


state 141

    (26) path -> PATH FROM PAREN_IZQ NUMBER COMA NUMBER PAREN_DER TO PAREN_IZQ NUMBER COMA NUMBER PAREN_DER . PUNTO_COMA

    PUNTO_COMA      shift and go to state 143


state 142

    (36) trap -> TRAP PAREN_IZQ NUMBER COMA NUMBER PAREN_DER TO PAREN_IZQ NUMBER COMA NUMBER PAREN_DER PUNTO_COMA .

    BOMB            reduce using rule 36 (trap -> TRAP PAREN_IZQ NUMBER COMA NUMBER PAREN_DER TO PAREN_IZQ NUMBER COMA NUMBER PAREN_DER PUNTO_COMA .)
    ENEMY           reduce using rule 36 (trap -> TRAP PAREN_IZQ NUMBER COMA NUMBER PAREN_DER TO PAREN_IZQ NUMBER COMA NUMBER PAREN_DER PUNTO_COMA .)
    DOOR            reduce using rule 36 (trap -> TRAP PAREN_IZQ NUMBER COMA NUMBER PAREN_DER TO PAREN_IZQ NUMBER COMA NUMBER PAREN_DER PUNTO_COMA .)
    KEY             reduce using rule 36 (trap -> TRAP PAREN_IZQ NUMBER COMA NUMBER PAREN_DER TO PAREN_IZQ NUMBER COMA NUMBER PAREN_DER PUNTO_COMA .)
    COIN            reduce using rule 36 (trap -> TRAP PAREN_IZQ NUMBER COMA NUMBER PAREN_DER TO PAREN_IZQ NUMBER COMA NUMBER PAREN_DER PUNTO_COMA .)
    TRAP            reduce using rule 36 (trap -> TRAP PAREN_IZQ NUMBER COMA NUMBER PAREN_DER TO PAREN_IZQ NUMBER COMA NUMBER PAREN_DER PUNTO_COMA .)
    LLAVE_DER       reduce using rule 36 (trap -> TRAP PAREN_IZQ NUMBER COMA NUMBER PAREN_DER TO PAREN_IZQ NUMBER COMA NUMBER PAREN_DER PUNTO_COMA .)


state 143

    (26) path -> PATH FROM PAREN_IZQ NUMBER COMA NUMBER PAREN_DER TO PAREN_IZQ NUMBER COMA NUMBER PAREN_DER PUNTO_COMA .

    PATH            reduce using rule 26 (path -> PATH FROM PAREN_IZQ NUMBER COMA NUMBER PAREN_DER TO PAREN_IZQ NUMBER COMA NUMBER PAREN_DER PUNTO_COMA .)
    LLAVE_DER       reduce using rule 26 (path -> PATH FROM PAREN_IZQ NUMBER COMA NUMBER PAREN_DER TO PAREN_IZQ NUMBER COMA NUMBER PAREN_DER PUNTO_COMA .)

